<?xml version="1.0" encoding="UTF-8"?>
<testsuites name="Wikipedia Search" time="72.615" tests="1" failures="0" errors="0">
   <testsuite name="Wikipedia Search" tests="1" failures="0" errors="0" time="72.615" skipped="0" timestamp="27-06-2024T14:12:45" hostname="0789 - DESKTOP-51HVGAE" id="Test Suites/Wikipedia/Wikipedia Search">
      <properties>
         <property name="deviceName" value=""/>
         <property name="devicePlatform"/>
         <property name="logFolder" value="C:\\Users\\0789\\Katalon Studio\\Wikipedia\\Reports\\20240627_141218\\Wikipedia\\Wikipedia Search\\20240627_141219"/>
         <property name="logFiles" value="C:\\Users\\0789\\Katalon Studio\\Wikipedia\\Reports\\20240627_141218\\Wikipedia\\Wikipedia Search\\20240627_141219\\execution0.log"/>
         <property name="attachments" value=""/>
         <property name="hostName" value="0789 - DESKTOP-51HVGAE"/>
         <property name="os" value="Windows 10 64bit"/>
         <property name="katalonVersion" value="9.5.0.217"/>
         <property name="browser" value="Chrome 126.0.0.0"/>
         <property name="hostAddress" value="192.168.73.2"/>
         <property name="sessionId" value="87deff91d1585aaf3dcbf8fcb8f066c0"/>
         <property name="seleniumVersion" value="3.141.59"/>
         <property name="proxyInformation" value="ProxyInformation { proxyOption=NO_PROXY, proxyServerType=HTTP, username=, password=********, proxyServerAddress=, proxyServerPort=0, executionList=&quot;&quot;, isApplyToDesiredCapabilities=true }"/>
         <property name="platform" value="Windows 10"/>
      </properties>
      <testcase name="Test Cases/Wikipedia/Search Wikipedia" time="71.94" classname="Test Cases/Wikipedia/Search Wikipedia" status="PASSED">
         <system-out><![CDATA[27-06-2024T14:12:45 - [TEST_CASE][PASSED] - Test Cases/Wikipedia/Search Wikipedia: Test Cases/Wikipedia/Search Wikipedia

27-06-2024T14:12:46 - [TEST_STEP][PASSED] - openBrowser("https://www.wikipedia.org/"): Browser is opened with url: 'https://www.wikipedia.org/'

27-06-2024T14:12:46 - [MESSAGE][INFO] - Starting 'Chrome' driver

27-06-2024T14:12:46 - [MESSAGE][INFO] - Action delay is set to 0 milliseconds

27-06-2024T14:13:44 - [MESSAGE][PASSED] - Browser is opened with url: 'https://www.wikipedia.org/'

27-06-2024T14:13:44 - [TEST_STEP][PASSED] - delay(3): Delayed 3 second(s)

27-06-2024T14:13:47 - [MESSAGE][PASSED] - Delayed 3 second(s)

27-06-2024T14:13:47 - [TEST_STEP][PASSED] - setText(findTestObject("Wikipedia/Search box wikipedia"), "bob marley"): Text 'bob marley' is set on object 'Object Repository/Wikipedia/Search box wikipedia'

27-06-2024T14:13:48 - [MESSAGE][PASSED] - Text 'bob marley' is set on object 'Object Repository/Wikipedia/Search box wikipedia'

27-06-2024T14:13:48 - [TEST_STEP][PASSED] - delay(3): Delayed 3 second(s)

27-06-2024T14:13:51 - [MESSAGE][PASSED] - Delayed 3 second(s)

27-06-2024T14:13:51 - [TEST_STEP][PASSED] - click(findTestObject("Wikipedia/button search wikipedia")): Object: 'Object Repository/Wikipedia/button search wikipedia' is clicked on

27-06-2024T14:13:54 - [MESSAGE][PASSED] - Object: 'Object Repository/Wikipedia/button search wikipedia' is clicked on

27-06-2024T14:13:54 - [TEST_STEP][PASSED] - delay(3): Delayed 3 second(s)

27-06-2024T14:13:57 - [MESSAGE][PASSED] - Delayed 3 second(s)]]></system-out>
         <system-err><![CDATA[]]></system-err>
      </testcase>
      <system-out><![CDATA[27-06-2024T14:12:45 - [TEST_SUITE][PASSED] - Wikipedia Search: Test Cases/Wikipedia/Search Wikipedia]]></system-out>
      <system-err><![CDATA[]]></system-err>
   </testsuite>
</testsuites>
